
Showing logs for build [32mcb-kubecd-environment-pr-102-21-749df-1[0m stage [32mfrom-build-pack[0m and container [32mstep-credential-initializer-qkbw2[0m
{"level":"warn","ts":1576060129.471139,"logger":"fallback-logger","caller":"logging/config.go:69","msg":"Fetch GitHub commit ID from kodata failed: \"ref: refs/heads/master\" is not a valid GitHub commit ID"}
{"level":"info","ts":1576060129.4719467,"logger":"fallback-logger","caller":"creds-init/main.go:40","msg":"Credentials initialized."}

Showing logs for build [32mcb-kubecd-environment-pr-102-21-749df-1[0m stage [32mfrom-build-pack[0m and container [32mstep-working-dir-initializer-vjpf5[0m
{"level":"warn","ts":1576060130.8042443,"logger":"fallback-logger","caller":"logging/config.go:69","msg":"Fetch GitHub commit ID from kodata failed: open /var/run/ko/HEAD: no such file or directory"}
{"level":"info","ts":1576060130.8061097,"logger":"fallback-logger","caller":"bash/main.go:65","msg":"Successfully executed command \"mkdir -p /workspace/source\""}

Showing logs for build [32mcb-kubecd-environment-pr-102-21-749df-1[0m stage [32mfrom-build-pack[0m and container [32mstep-place-tools[0m

Showing logs for build [32mcb-kubecd-environment-pr-102-21-749df-1[0m stage [32mfrom-build-pack[0m and container [32mstep-git-source-cb-kubecd-environment-pr-102-21-rb29w[0m
{"level":"warn","ts":1576060134.9152706,"logger":"fallback-logger","caller":"logging/config.go:69","msg":"Fetch GitHub commit ID from kodata failed: \"ref: refs/heads/master\" is not a valid GitHub commit ID"}
{"level":"info","ts":1576060136.0047169,"logger":"fallback-logger","caller":"git/git.go:102","msg":"Successfully cloned https://github.com/cb-kubecd/environment-pr-102-21-boot-gke-production.git @ master in path /workspace/source"}

Showing logs for build [32mcb-kubecd-environment-pr-102-21-749df-1[0m stage [32mfrom-build-pack[0m and container [32mstep-git-merge[0m
Using SHAs from PULL_REFS=master:b3d2bf45a8661fc219101e925ddc377738bfcc66,1:d74248c17a4241971cc71e7c88c72b6153d29351
DEBUG: ran git fetch --unshallow origin d74248c17a4241971cc71e7c88c72b6153d29351: b3d2bf45a8661fc219101e925ddc377738bfcc66: in 
DEBUG: ran git checkout master in 
DEBUG: ran git reset --hard b3d2bf45a8661fc219101e925ddc377738bfcc66 in 
DEBUG: ran clean --force -d . in 
DEBUG: ran git merge d74248c17a4241971cc71e7c88c72b6153d29351 in 
Merged SHA d74248c17a4241971cc71e7c88c72b6153d29351 with commit message 'chore: Promote bdd-spring-1576059210 to version 0.0.1' into base branch master

Showing logs for build [32mcb-kubecd-environment-pr-102-21-749df-1[0m stage [32mfrom-build-pack[0m and container [32mstep-build-helm-build[0m
WARNING: No $CHART_REPOSITORY defined so using the default value of: http://jenkins-x-chartmuseum:8080
Adding missing Helm repo: storage.googleapis.com https://storage.googleapis.com/chartmuseum.jenkins-x.io
Read credentials for https://storage.googleapis.com/chartmuseum.jenkins-x.io from vault helm/repos
Successfully added Helm repository storage.googleapis.com.
Adding missing Helm repo: jenkins-x-chartmuseum http://jenkins-x-chartmuseum:8080
Read credentials for http://jenkins-x-chartmuseum:8080 from vault helm/repos
Successfully added Helm repository jenkins-x-chartmuseum.
WARNING: No $CHART_REPOSITORY defined so using the default value of: http://jenkins-x-chartmuseum:8080
Adding missing Helm repo: chartmuseum.jenkins-x.io http://chartmuseum.jenkins-x.io
Read credentials for http://chartmuseum.jenkins-x.io from vault helm/repos
Successfully added Helm repository chartmuseum.jenkins-x.io.
